
[2021-05-12T10:49:31.356] [INFO] file_sharing - 1, удалил
[2021-05-12T10:50:57.073] [INFO] file_sharing - Добавление файла от пользователя: 1, id: 1 | folderId: 1 | путь к файлу: uploads\1620805853269_287.exe
[2021-05-12T10:51:16.275] [INFO] file_sharing - 1, удалил
[2021-05-12T10:52:29.613] [INFO] file_sharing - Добавление файла от пользователя: 1, id: 1 | folderId: 1 | путь к файлу: uploads\1620805949605_94.docx
[2021-05-12T10:52:29.634] [INFO] file_sharing - Добавление файла от пользователя: 1, id: 1 | folderId: 1 | путь к файлу: uploads\1620805949607_414.docx
[2021-05-12T10:52:29.640] [INFO] file_sharing - Добавление файла от пользователя: 1, id: 1 | folderId: 1 | путь к файлу: uploads\1620805949607_345.docx
[2021-05-12T10:52:37.147] [INFO] file_sharing - 1, удалил файл [object Object]
[2021-05-12T10:52:37.148] [INFO] file_sharing - 1, удалил файл [object Object]
[2021-05-12T10:56:29.049] [INFO] file_sharing - Пользователь 1, удалил файл О внесении изм 2021 по технике.docx | путь: uploads\1620805949605_94.docx
[2021-05-12T11:57:07.833] [INFO] file_sharing - Добавление файла от пользователя: 1, id: 1 | folderId: 1 | путь к файлу: uploads\1620809825686_533.exe
[2021-05-12T11:57:07.898] [INFO] file_sharing - Добавление файла от пользователя: 1, id: 1 | folderId: 1 | путь к файлу: uploads\1620809827444_272.pdf
[2021-05-12T11:57:07.907] [INFO] file_sharing - Добавление файла от пользователя: 1, id: 1 | folderId: 1 | путь к файлу: uploads\1620809827476_663.pdf
[2021-05-12T11:57:07.917] [INFO] file_sharing - Добавление файла от пользователя: 1, id: 1 | folderId: 1 | путь к файлу: uploads\1620809827491_228.jpg
[2021-05-12T11:57:07.922] [INFO] file_sharing - Добавление файла от пользователя: 1, id: 1 | folderId: 1 | путь к файлу: uploads\1620809827738_53.doc
[2021-05-12T11:57:07.927] [INFO] file_sharing - Добавление файла от пользователя: 1, id: 1 | folderId: 1 | путь к файлу: uploads\1620809827745_258.pdf
[2021-05-12T11:57:07.933] [INFO] file_sharing - Добавление файла от пользователя: 1, id: 1 | folderId: 1 | путь к файлу: uploads\1620809827768_78.docx
[2021-05-12T11:57:07.938] [INFO] file_sharing - Добавление файла от пользователя: 1, id: 1 | folderId: 1 | путь к файлу: uploads\1620809827775_620.docx
[2021-05-12T11:57:07.943] [INFO] file_sharing - Добавление файла от пользователя: 1, id: 1 | folderId: 1 | путь к файлу: uploads\1620809827788_229.7z
[2021-05-12T11:57:07.948] [INFO] file_sharing - Добавление файла от пользователя: 1, id: 1 | folderId: 1 | путь к файлу: uploads\1620809827794_22.exe
[2021-05-12T11:57:20.099] [INFO] file_sharing - Пользователь 1, удалил файл dotnet-sdk-5.0.202-win-x64.exe | путь: uploads\1620809825686_533.exe
[2021-05-12T11:57:20.099] [INFO] file_sharing - Пользователь 1, удалил файл Акт 4 (1).pdf | путь: uploads\1620809827444_272.pdf
[2021-05-12T11:57:20.100] [INFO] file_sharing - Пользователь 1, удалил файл Акт 3 (1).pdf | путь: uploads\1620809827476_663.pdf
[2021-05-12T11:57:20.102] [INFO] file_sharing - Пользователь 1, удалил файл ПЗЗ_ЗОНЫ_10 0000.jpg | путь: uploads\1620809827491_228.jpg
[2021-05-12T11:57:20.103] [INFO] file_sharing - Пользователь 1, удалил файл Положение о САЙТЕ.doc | путь: uploads\1620809827738_53.doc
[2021-05-12T11:57:20.104] [INFO] file_sharing - Пользователь 1, удалил файл 5 от 31.03.2021г..pdf | путь: uploads\1620809827745_258.pdf
[2021-05-12T11:57:20.104] [INFO] file_sharing - Пользователь 1, удалил файл Титульные листы.docx | путь: uploads\1620809827768_78.docx
[2021-05-12T11:57:20.104] [INFO] file_sharing - Пользователь 1, удалил файл ПЗЗ Владикавказ.docx | путь: uploads\1620809827775_620.docx
[2021-05-12T11:57:20.105] [INFO] file_sharing - Пользователь 1, удалил файл 1618836967640_440.7z | путь: uploads\1620809827788_229.7z
[2021-05-12T11:57:20.106] [INFO] file_sharing - Пользователь 1, удалил файл 1618821911011_226.exe | путь: uploads\1620809827794_22.exe
[2021-05-12T12:14:59.200] [INFO] file_sharing - Добавление файла от пользователя: 1, id: 1 | folderId: 1 | путь к файлу: uploads\1620810899021_460.pdf
[2021-05-12T12:14:59.232] [INFO] file_sharing - Добавление файла от пользователя: 1, id: 1 | folderId: 1 | путь к файлу: uploads\1620810899032_383.pdf
[2021-05-12T12:14:59.239] [INFO] file_sharing - Добавление файла от пользователя: 1, id: 1 | folderId: 1 | путь к файлу: uploads\1620810899039_317.jpg
[2021-05-12T12:14:59.249] [INFO] file_sharing - Добавление файла от пользователя: 1, id: 1 | folderId: 1 | путь к файлу: uploads\1620810899195_624.doc
[2021-05-12T12:15:08.025] [INFO] file_sharing - Пользователь 1 переименовал файл undefined в 3333333.pdf
[2021-05-12T12:15:48.430] [INFO] file_sharing - Пользователь 1 переименовал файл Акт 3 (1).pdf в 4444.pdf
[2021-05-12T12:16:27.256] [INFO] file_sharing - Пользователь 1 переименовал файл ПЗЗ_ЗОНЫ_10 0000.jpg в sfsfdssdfdsf.jpg
[2021-05-12T12:16:44.145] [INFO] file_sharing - Пользователь 1 переименовал файл Положение о САЙТЕ.doc в Положение.doc
[2021-05-12T12:27:21.954] [INFO] file_sharing - Пользователь 1, удалил файл 3333333.pdf | путь: uploads\1620810899021_460.pdf
[2021-05-12T12:27:31.741] [INFO] file_sharing - Пользователь 1, удалил файл 4444.pdf | путь: uploads\1620810899032_383.pdf
[2021-05-12T12:27:50.702] [INFO] file_sharing - Пользователь 1 переименовал файл Положение.doc в Положение2.doc
